{"/home/diogo/helsinki/part3/notes-frontend/src/App.jsx": {"path":"/home/diogo/helsinki/part3/notes-frontend/src/App.jsx","statementMap":{"0":{"start":{"line":11,"column":12},"end":{"line":140,"column":1}},"1":{"start":{"line":12,"column":28},"end":{"line":12,"column":42}},"2":{"start":{"line":13,"column":32},"end":{"line":13,"column":46}},"3":{"start":{"line":14,"column":32},"end":{"line":14,"column":46}},"4":{"start":{"line":16,"column":26},"end":{"line":16,"column":40}},"5":{"start":{"line":17,"column":42},"end":{"line":17,"column":57}},"6":{"start":{"line":19,"column":33},"end":{"line":27,"column":3}},"7":{"start":{"line":21,"column":29},"end":{"line":21,"column":70}},"8":{"start":{"line":22,"column":4},"end":{"line":26,"column":5}},"9":{"start":{"line":23,"column":25},"end":{"line":23,"column":53}},"10":{"start":{"line":24,"column":6},"end":{"line":24,"column":25}},"11":{"start":{"line":25,"column":6},"end":{"line":25,"column":45}},"12":{"start":{"line":28,"column":2},"end":{"line":28,"column":39}},"13":{"start":{"line":30,"column":24},"end":{"line":36,"column":3}},"14":{"start":{"line":31,"column":4},"end":{"line":35,"column":8}},"15":{"start":{"line":34,"column":8},"end":{"line":34,"column":22}},"16":{"start":{"line":38,"column":2},"end":{"line":38,"column":30}},"17":{"start":{"line":40,"column":29},"end":{"line":59,"column":3}},"18":{"start":{"line":42,"column":24},"end":{"line":45,"column":5}},"19":{"start":{"line":49,"column":4},"end":{"line":58,"column":8}},"20":{"start":{"line":52,"column":8},"end":{"line":52,"column":60}},"21":{"start":{"line":52,"column":32},"end":{"line":52,"column":58}},"22":{"start":{"line":55,"column":21},"end":{"line":55,"column":85}},"23":{"start":{"line":56,"column":8},"end":{"line":56,"column":39}},"24":{"start":{"line":57,"column":8},"end":{"line":57,"column":52}},"25":{"start":{"line":57,"column":35},"end":{"line":57,"column":50}},"26":{"start":{"line":61,"column":22},"end":{"line":61,"column":30}},"27":{"start":{"line":62,"column":19},"end":{"line":66,"column":3}},"28":{"start":{"line":63,"column":4},"end":{"line":65,"column":16}},"29":{"start":{"line":68,"column":21},"end":{"line":72,"column":3}},"30":{"start":{"line":69,"column":4},"end":{"line":69,"column":42}},"31":{"start":{"line":70,"column":20},"end":{"line":70,"column":51}},"32":{"start":{"line":71,"column":4},"end":{"line":71,"column":35}},"33":{"start":{"line":75,"column":17},"end":{"line":81,"column":3}},"34":{"start":{"line":76,"column":4},"end":{"line":76,"column":23}},"35":{"start":{"line":77,"column":4},"end":{"line":79,"column":12}},"36":{"start":{"line":78,"column":6},"end":{"line":78,"column":22}},"37":{"start":{"line":83,"column":2},"end":{"line":85,"column":3}},"38":{"start":{"line":84,"column":4},"end":{"line":84,"column":15}},"39":{"start":{"line":87,"column":20},"end":{"line":93,"column":3}},"40":{"start":{"line":88,"column":4},"end":{"line":92,"column":7}},"41":{"start":{"line":95,"column":22},"end":{"line":99,"column":3}},"42":{"start":{"line":96,"column":4},"end":{"line":98,"column":5}},"43":{"start":{"line":97,"column":43},"end":{"line":97,"column":64}},"44":{"start":{"line":101,"column":23},"end":{"line":106,"column":3}},"45":{"start":{"line":102,"column":4},"end":{"line":102,"column":48}},"46":{"start":{"line":103,"column":4},"end":{"line":103,"column":17}},"47":{"start":{"line":104,"column":4},"end":{"line":104,"column":31}},"48":{"start":{"line":105,"column":4},"end":{"line":105,"column":26}},"49":{"start":{"line":108,"column":2},"end":{"line":139,"column":3}},"50":{"start":{"line":116,"column":45},"end":{"line":116,"column":65}},"51":{"start":{"line":126,"column":30},"end":{"line":126,"column":55}},"52":{"start":{"line":128,"column":14},"end":{"line":133,"column":15}},"53":{"start":{"line":132,"column":42},"end":{"line":132,"column":66}}},"fnMap":{"0":{"name":"(anonymous_0)","decl":{"start":{"line":11,"column":12},"end":{"line":11,"column":13}},"loc":{"start":{"line":11,"column":18},"end":{"line":140,"column":1}},"line":11},"1":{"name":"(anonymous_1)","decl":{"start":{"line":19,"column":33},"end":{"line":19,"column":34}},"loc":{"start":{"line":19,"column":39},"end":{"line":27,"column":3}},"line":19},"2":{"name":"(anonymous_2)","decl":{"start":{"line":30,"column":24},"end":{"line":30,"column":25}},"loc":{"start":{"line":30,"column":30},"end":{"line":36,"column":3}},"line":30},"3":{"name":"(anonymous_3)","decl":{"start":{"line":33,"column":12},"end":{"line":33,"column":13}},"loc":{"start":{"line":33,"column":20},"end":{"line":35,"column":7}},"line":33},"4":{"name":"(anonymous_4)","decl":{"start":{"line":40,"column":29},"end":{"line":40,"column":30}},"loc":{"start":{"line":40,"column":39},"end":{"line":59,"column":3}},"line":40},"5":{"name":"(anonymous_5)","decl":{"start":{"line":51,"column":12},"end":{"line":51,"column":13}},"loc":{"start":{"line":51,"column":22},"end":{"line":53,"column":7}},"line":51},"6":{"name":"(anonymous_6)","decl":{"start":{"line":52,"column":27},"end":{"line":52,"column":28}},"loc":{"start":{"line":52,"column":32},"end":{"line":52,"column":58}},"line":52},"7":{"name":"(anonymous_7)","decl":{"start":{"line":54,"column":13},"end":{"line":54,"column":14}},"loc":{"start":{"line":54,"column":19},"end":{"line":58,"column":7}},"line":54},"8":{"name":"(anonymous_8)","decl":{"start":{"line":57,"column":30},"end":{"line":57,"column":31}},"loc":{"start":{"line":57,"column":35},"end":{"line":57,"column":50}},"line":57},"9":{"name":"(anonymous_9)","decl":{"start":{"line":62,"column":19},"end":{"line":62,"column":20}},"loc":{"start":{"line":63,"column":4},"end":{"line":65,"column":16}},"line":63},"10":{"name":"(anonymous_10)","decl":{"start":{"line":68,"column":21},"end":{"line":68,"column":22}},"loc":{"start":{"line":68,"column":37},"end":{"line":72,"column":3}},"line":68},"11":{"name":"(anonymous_11)","decl":{"start":{"line":75,"column":17},"end":{"line":75,"column":18}},"loc":{"start":{"line":75,"column":28},"end":{"line":81,"column":3}},"line":75},"12":{"name":"(anonymous_12)","decl":{"start":{"line":77,"column":15},"end":{"line":77,"column":16}},"loc":{"start":{"line":77,"column":21},"end":{"line":79,"column":5}},"line":77},"13":{"name":"(anonymous_13)","decl":{"start":{"line":87,"column":20},"end":{"line":87,"column":21}},"loc":{"start":{"line":87,"column":26},"end":{"line":93,"column":3}},"line":87},"14":{"name":"(anonymous_14)","decl":{"start":{"line":95,"column":22},"end":{"line":95,"column":23}},"loc":{"start":{"line":95,"column":28},"end":{"line":99,"column":3}},"line":95},"15":{"name":"(anonymous_15)","decl":{"start":{"line":97,"column":37},"end":{"line":97,"column":38}},"loc":{"start":{"line":97,"column":43},"end":{"line":97,"column":64}},"line":97},"16":{"name":"(anonymous_16)","decl":{"start":{"line":101,"column":23},"end":{"line":101,"column":24}},"loc":{"start":{"line":101,"column":29},"end":{"line":106,"column":3}},"line":101},"17":{"name":"(anonymous_17)","decl":{"start":{"line":116,"column":39},"end":{"line":116,"column":40}},"loc":{"start":{"line":116,"column":45},"end":{"line":116,"column":65}},"line":116},"18":{"name":"(anonymous_18)","decl":{"start":{"line":126,"column":20},"end":{"line":126,"column":21}},"loc":{"start":{"line":126,"column":30},"end":{"line":126,"column":55}},"line":126},"19":{"name":"(anonymous_19)","decl":{"start":{"line":127,"column":17},"end":{"line":127,"column":18}},"loc":{"start":{"line":127,"column":27},"end":{"line":134,"column":13}},"line":127},"20":{"name":"(anonymous_20)","decl":{"start":{"line":132,"column":36},"end":{"line":132,"column":37}},"loc":{"start":{"line":132,"column":42},"end":{"line":132,"column":66}},"line":132}},"branchMap":{"0":{"loc":{"start":{"line":22,"column":4},"end":{"line":26,"column":5}},"type":"if","locations":[{"start":{"line":22,"column":4},"end":{"line":26,"column":5}},{"start":{},"end":{}}],"line":22},"1":{"loc":{"start":{"line":52,"column":32},"end":{"line":52,"column":58}},"type":"cond-expr","locations":[{"start":{"line":52,"column":50},"end":{"line":52,"column":54}},{"start":{"line":52,"column":57},"end":{"line":52,"column":58}}],"line":52},"2":{"loc":{"start":{"line":83,"column":2},"end":{"line":85,"column":3}},"type":"if","locations":[{"start":{"line":83,"column":2},"end":{"line":85,"column":3}},{"start":{},"end":{}}],"line":83},"3":{"loc":{"start":{"line":112,"column":7},"end":{"line":112,"column":60}},"type":"cond-expr","locations":[{"start":{"line":112,"column":22},"end":{"line":112,"column":33}},{"start":{"line":112,"column":37},"end":{"line":112,"column":59}}],"line":112},"4":{"loc":{"start":{"line":112,"column":37},"end":{"line":112,"column":59}},"type":"binary-expr","locations":[{"start":{"line":112,"column":37},"end":{"line":112,"column":42}},{"start":{"line":112,"column":46},"end":{"line":112,"column":59}}],"line":112},"5":{"loc":{"start":{"line":113,"column":7},"end":{"line":113,"column":25}},"type":"binary-expr","locations":[{"start":{"line":113,"column":7},"end":{"line":113,"column":11}},{"start":{"line":113,"column":15},"end":{"line":113,"column":25}}],"line":113},"6":{"loc":{"start":{"line":114,"column":7},"end":{"line":114,"column":63}},"type":"binary-expr","locations":[{"start":{"line":114,"column":7},"end":{"line":114,"column":11}},{"start":{"line":114,"column":15},"end":{"line":114,"column":63}}],"line":114},"7":{"loc":{"start":{"line":117,"column":11},"end":{"line":117,"column":67}},"type":"cond-expr","locations":[{"start":{"line":117,"column":21},"end":{"line":117,"column":48}},{"start":{"line":117,"column":51},"end":{"line":117,"column":67}}],"line":117},"8":{"loc":{"start":{"line":126,"column":30},"end":{"line":126,"column":55}},"type":"binary-expr","locations":[{"start":{"line":126,"column":30},"end":{"line":126,"column":37}},{"start":{"line":126,"column":41},"end":{"line":126,"column":55}}],"line":126}},"s":{"0":0,"1":0,"2":0,"3":0,"4":0,"5":0,"6":0,"7":0,"8":0,"9":0,"10":0,"11":0,"12":0,"13":0,"14":0,"15":0,"16":0,"17":0,"18":0,"19":0,"20":0,"21":0,"22":0,"23":0,"24":0,"25":0,"26":0,"27":0,"28":0,"29":0,"30":0,"31":0,"32":0,"33":0,"34":0,"35":0,"36":0,"37":0,"38":0,"39":0,"40":0,"41":0,"42":0,"43":0,"44":0,"45":0,"46":0,"47":0,"48":0,"49":0,"50":0,"51":0,"52":0,"53":0},"f":{"0":0,"1":0,"2":0,"3":0,"4":0,"5":0,"6":0,"7":0,"8":0,"9":0,"10":0,"11":0,"12":0,"13":0,"14":0,"15":0,"16":0,"17":0,"18":0,"19":0,"20":0},"b":{"0":[0,0],"1":[0,0],"2":[0,0],"3":[0,0],"4":[0,0],"5":[0,0],"6":[0,0],"7":[0,0],"8":[0,0]}}
,"/home/diogo/helsinki/part3/notes-frontend/src/main.jsx": {"path":"/home/diogo/helsinki/part3/notes-frontend/src/main.jsx","statementMap":{"0":{"start":{"line":5,"column":13},"end":{"line":5,"column":44}},"1":{"start":{"line":6,"column":0},"end":{"line":6,"column":41}}},"fnMap":{},"branchMap":{},"s":{"0":0,"1":0},"f":{},"b":{}}
,"/home/diogo/helsinki/part3/notes-frontend/src/components/Footer.jsx": {"path":"/home/diogo/helsinki/part3/notes-frontend/src/components/Footer.jsx","statementMap":{"0":{"start":{"line":1,"column":15},"end":{"line":14,"column":1}},"1":{"start":{"line":2,"column":22},"end":{"line":6,"column":3}},"2":{"start":{"line":8,"column":2},"end":{"line":13,"column":3}}},"fnMap":{"0":{"name":"(anonymous_0)","decl":{"start":{"line":1,"column":15},"end":{"line":1,"column":16}},"loc":{"start":{"line":1,"column":21},"end":{"line":14,"column":1}},"line":1}},"branchMap":{},"s":{"0":0,"1":0,"2":0},"f":{"0":0},"b":{}}
,"/home/diogo/helsinki/part3/notes-frontend/src/components/LoginForm.jsx": {"path":"/home/diogo/helsinki/part3/notes-frontend/src/components/LoginForm.jsx","statementMap":{"0":{"start":{"line":6,"column":18},"end":{"line":46,"column":1}},"1":{"start":{"line":11,"column":34},"end":{"line":11,"column":46}},"2":{"start":{"line":12,"column":34},"end":{"line":12,"column":46}},"3":{"start":{"line":14,"column":22},"end":{"line":30,"column":3}},"4":{"start":{"line":15,"column":4},"end":{"line":29,"column":5}},"5":{"start":{"line":16,"column":19},"end":{"line":16,"column":67}},"6":{"start":{"line":17,"column":6},"end":{"line":19,"column":7}},"7":{"start":{"line":20,"column":6},"end":{"line":20,"column":39}},"8":{"start":{"line":21,"column":6},"end":{"line":21,"column":19}},"9":{"start":{"line":22,"column":6},"end":{"line":22,"column":21}},"10":{"start":{"line":23,"column":6},"end":{"line":23,"column":21}},"11":{"start":{"line":24,"column":6},"end":{"line":24,"column":28}},"12":{"start":{"line":25,"column":6},"end":{"line":25,"column":59}},"13":{"start":{"line":27,"column":6},"end":{"line":27,"column":58}},"14":{"start":{"line":28,"column":6},"end":{"line":28,"column":19}},"15":{"start":{"line":32,"column":2},"end":{"line":45,"column":3}},"16":{"start":{"line":36,"column":53},"end":{"line":36,"column":78}},"17":{"start":{"line":40,"column":57},"end":{"line":40,"column":82}},"18":{"start":{"line":43,"column":43},"end":{"line":43,"column":65}},"19":{"start":{"line":48,"column":0},"end":{"line":52,"column":1}}},"fnMap":{"0":{"name":"(anonymous_0)","decl":{"start":{"line":6,"column":18},"end":{"line":6,"column":19}},"loc":{"start":{"line":10,"column":6},"end":{"line":46,"column":1}},"line":10},"1":{"name":"(anonymous_1)","decl":{"start":{"line":14,"column":22},"end":{"line":14,"column":23}},"loc":{"start":{"line":14,"column":34},"end":{"line":30,"column":3}},"line":14},"2":{"name":"(anonymous_2)","decl":{"start":{"line":36,"column":37},"end":{"line":36,"column":38}},"loc":{"start":{"line":36,"column":53},"end":{"line":36,"column":78}},"line":36},"3":{"name":"(anonymous_3)","decl":{"start":{"line":40,"column":41},"end":{"line":40,"column":42}},"loc":{"start":{"line":40,"column":57},"end":{"line":40,"column":82}},"line":40},"4":{"name":"(anonymous_4)","decl":{"start":{"line":43,"column":37},"end":{"line":43,"column":38}},"loc":{"start":{"line":43,"column":43},"end":{"line":43,"column":65}},"line":43}},"branchMap":{},"s":{"0":0,"1":0,"2":0,"3":0,"4":0,"5":0,"6":0,"7":0,"8":0,"9":0,"10":0,"11":0,"12":0,"13":0,"14":0,"15":0,"16":0,"17":0,"18":0,"19":0},"f":{"0":0,"1":0,"2":0,"3":0,"4":0},"b":{}}
,"/home/diogo/helsinki/part3/notes-frontend/src/components/Note.jsx": {"path":"/home/diogo/helsinki/part3/notes-frontend/src/components/Note.jsx","statementMap":{"0":{"start":{"line":3,"column":13},"end":{"line":14,"column":1}},"1":{"start":{"line":4,"column":16},"end":{"line":6,"column":22}},"2":{"start":{"line":8,"column":2},"end":{"line":13,"column":3}},"3":{"start":{"line":15,"column":22},"end":{"line":18,"column":2}},"4":{"start":{"line":19,"column":0},"end":{"line":22,"column":1}}},"fnMap":{"0":{"name":"(anonymous_0)","decl":{"start":{"line":3,"column":13},"end":{"line":3,"column":14}},"loc":{"start":{"line":3,"column":45},"end":{"line":14,"column":1}},"line":3}},"branchMap":{"0":{"loc":{"start":{"line":4,"column":16},"end":{"line":6,"column":22}},"type":"cond-expr","locations":[{"start":{"line":5,"column":6},"end":{"line":5,"column":26}},{"start":{"line":6,"column":6},"end":{"line":6,"column":22}}],"line":4}},"s":{"0":1,"1":2,"2":2,"3":1,"4":1},"f":{"0":2},"b":{"0":[2,0]},"_coverageSchema":"1a1c01bbd47fc00a2c39e90264f33305004495a9","hash":"f38eb67d798528f06a65e7c23f000d6f4dbaa2b0"}
,"/home/diogo/helsinki/part3/notes-frontend/src/components/NoteForm.jsx": {"path":"/home/diogo/helsinki/part3/notes-frontend/src/components/NoteForm.jsx","statementMap":{"0":{"start":{"line":3,"column":17},"end":{"line":27,"column":1}},"1":{"start":{"line":4,"column":32},"end":{"line":4,"column":44}},"2":{"start":{"line":6,"column":18},"end":{"line":15,"column":3}},"3":{"start":{"line":7,"column":4},"end":{"line":7,"column":22}},"4":{"start":{"line":9,"column":4},"end":{"line":12,"column":6}},"5":{"start":{"line":14,"column":4},"end":{"line":14,"column":18}},"6":{"start":{"line":17,"column":2},"end":{"line":26,"column":3}},"7":{"start":{"line":22,"column":25},"end":{"line":22,"column":51}}},"fnMap":{"0":{"name":"(anonymous_0)","decl":{"start":{"line":3,"column":17},"end":{"line":3,"column":18}},"loc":{"start":{"line":3,"column":37},"end":{"line":27,"column":1}},"line":3},"1":{"name":"(anonymous_1)","decl":{"start":{"line":6,"column":18},"end":{"line":6,"column":19}},"loc":{"start":{"line":6,"column":25},"end":{"line":15,"column":3}},"line":6},"2":{"name":"(anonymous_2)","decl":{"start":{"line":22,"column":18},"end":{"line":22,"column":19}},"loc":{"start":{"line":22,"column":25},"end":{"line":22,"column":51}},"line":22}},"branchMap":{},"s":{"0":1,"1":19,"2":19,"3":1,"4":1,"5":1,"6":19,"7":17},"f":{"0":19,"1":1,"2":17},"b":{},"_coverageSchema":"1a1c01bbd47fc00a2c39e90264f33305004495a9","hash":"fe3c03f1adb521e7328496b4a96fc79f3edb94d7"}
,"/home/diogo/helsinki/part3/notes-frontend/src/components/Notification.jsx": {"path":"/home/diogo/helsinki/part3/notes-frontend/src/components/Notification.jsx","statementMap":{"0":{"start":{"line":3,"column":21},"end":{"line":13,"column":1}},"1":{"start":{"line":4,"column":2},"end":{"line":6,"column":3}},"2":{"start":{"line":5,"column":4},"end":{"line":5,"column":15}},"3":{"start":{"line":8,"column":2},"end":{"line":12,"column":3}}},"fnMap":{"0":{"name":"(anonymous_0)","decl":{"start":{"line":3,"column":21},"end":{"line":3,"column":22}},"loc":{"start":{"line":3,"column":38},"end":{"line":13,"column":1}},"line":3}},"branchMap":{"0":{"loc":{"start":{"line":4,"column":2},"end":{"line":6,"column":3}},"type":"if","locations":[{"start":{"line":4,"column":2},"end":{"line":6,"column":3}},{"start":{},"end":{}}],"line":4}},"s":{"0":0,"1":0,"2":0,"3":0},"f":{"0":0},"b":{"0":[0,0]}}
,"/home/diogo/helsinki/part3/notes-frontend/src/components/Togglable.jsx": {"path":"/home/diogo/helsinki/part3/notes-frontend/src/components/Togglable.jsx","statementMap":{"0":{"start":{"line":4,"column":18},"end":{"line":31,"column":2}},"1":{"start":{"line":5,"column":32},"end":{"line":5,"column":47}},"2":{"start":{"line":7,"column":26},"end":{"line":7,"column":60}},"3":{"start":{"line":8,"column":26},"end":{"line":8,"column":60}},"4":{"start":{"line":10,"column":27},"end":{"line":12,"column":3}},"5":{"start":{"line":11,"column":4},"end":{"line":11,"column":24}},"6":{"start":{"line":14,"column":2},"end":{"line":18,"column":4}},"7":{"start":{"line":15,"column":4},"end":{"line":17,"column":5}},"8":{"start":{"line":20,"column":2},"end":{"line":30,"column":3}},"9":{"start":{"line":33,"column":0},"end":{"line":33,"column":35}},"10":{"start":{"line":35,"column":0},"end":{"line":37,"column":1}}},"fnMap":{"0":{"name":"(anonymous_0)","decl":{"start":{"line":4,"column":29},"end":{"line":4,"column":30}},"loc":{"start":{"line":4,"column":46},"end":{"line":31,"column":1}},"line":4},"1":{"name":"(anonymous_1)","decl":{"start":{"line":10,"column":27},"end":{"line":10,"column":28}},"loc":{"start":{"line":10,"column":33},"end":{"line":12,"column":3}},"line":10},"2":{"name":"(anonymous_2)","decl":{"start":{"line":14,"column":28},"end":{"line":14,"column":29}},"loc":{"start":{"line":14,"column":34},"end":{"line":18,"column":3}},"line":14}},"branchMap":{"0":{"loc":{"start":{"line":7,"column":37},"end":{"line":7,"column":58}},"type":"cond-expr","locations":[{"start":{"line":7,"column":47},"end":{"line":7,"column":53}},{"start":{"line":7,"column":56},"end":{"line":7,"column":58}}],"line":7},"1":{"loc":{"start":{"line":8,"column":37},"end":{"line":8,"column":58}},"type":"cond-expr","locations":[{"start":{"line":8,"column":47},"end":{"line":8,"column":49}},{"start":{"line":8,"column":52},"end":{"line":8,"column":58}}],"line":8}},"s":{"0":1,"1":7,"2":7,"3":7,"4":7,"5":3,"6":7,"7":0,"8":7,"9":1,"10":1},"f":{"0":7,"1":3,"2":0},"b":{"0":[2,5],"1":[2,5]},"_coverageSchema":"1a1c01bbd47fc00a2c39e90264f33305004495a9","hash":"cd00a3cf0730377d86ee8fa3c0adf8e60d0277fe"}
,"/home/diogo/helsinki/part3/notes-frontend/src/components/User.jsx": {"path":"/home/diogo/helsinki/part3/notes-frontend/src/components/User.jsx","statementMap":{"0":{"start":{"line":1,"column":13},"end":{"line":8,"column":1}},"1":{"start":{"line":2,"column":2},"end":{"line":7,"column":3}}},"fnMap":{"0":{"name":"(anonymous_0)","decl":{"start":{"line":1,"column":13},"end":{"line":1,"column":14}},"loc":{"start":{"line":1,"column":41},"end":{"line":8,"column":1}},"line":1}},"branchMap":{},"s":{"0":0,"1":0},"f":{"0":0},"b":{}}
,"/home/diogo/helsinki/part3/notes-frontend/src/services/login.js": {"path":"/home/diogo/helsinki/part3/notes-frontend/src/services/login.js","statementMap":{"0":{"start":{"line":3,"column":14},"end":{"line":3,"column":47}},"1":{"start":{"line":4,"column":0},"end":{"line":6,"column":1}},"2":{"start":{"line":5,"column":2},"end":{"line":5,"column":24}},"3":{"start":{"line":8,"column":14},"end":{"line":11,"column":1}},"4":{"start":{"line":9,"column":19},"end":{"line":9,"column":57}},"5":{"start":{"line":10,"column":2},"end":{"line":10,"column":22}}},"fnMap":{"0":{"name":"(anonymous_0)","decl":{"start":{"line":8,"column":14},"end":{"line":8,"column":15}},"loc":{"start":{"line":8,"column":35},"end":{"line":11,"column":1}},"line":8}},"branchMap":{"0":{"loc":{"start":{"line":4,"column":0},"end":{"line":6,"column":1}},"type":"if","locations":[{"start":{"line":4,"column":0},"end":{"line":6,"column":1}},{"start":{},"end":{}}],"line":4}},"s":{"0":0,"1":0,"2":0,"3":0,"4":0,"5":0},"f":{"0":0},"b":{"0":[0,0]}}
,"/home/diogo/helsinki/part3/notes-frontend/src/services/notes.js": {"path":"/home/diogo/helsinki/part3/notes-frontend/src/services/notes.js","statementMap":{"0":{"start":{"line":3,"column":14},"end":{"line":3,"column":47}},"1":{"start":{"line":4,"column":0},"end":{"line":6,"column":1}},"2":{"start":{"line":5,"column":2},"end":{"line":5,"column":24}},"3":{"start":{"line":8,"column":12},"end":{"line":8,"column":16}},"4":{"start":{"line":9,"column":17},"end":{"line":11,"column":1}},"5":{"start":{"line":10,"column":2},"end":{"line":10,"column":18}},"6":{"start":{"line":13,"column":13},"end":{"line":22,"column":1}},"7":{"start":{"line":14,"column":16},"end":{"line":18,"column":3}},"8":{"start":{"line":19,"column":2},"end":{"line":21,"column":50}},"9":{"start":{"line":21,"column":22},"end":{"line":21,"column":49}},"10":{"start":{"line":24,"column":15},"end":{"line":32,"column":1}},"11":{"start":{"line":25,"column":17},"end":{"line":29,"column":3}},"12":{"start":{"line":30,"column":19},"end":{"line":30,"column":58}},"13":{"start":{"line":31,"column":2},"end":{"line":31,"column":22}},"14":{"start":{"line":34,"column":15},"end":{"line":38,"column":1}},"15":{"start":{"line":35,"column":2},"end":{"line":37,"column":36}},"16":{"start":{"line":37,"column":22},"end":{"line":37,"column":35}}},"fnMap":{"0":{"name":"(anonymous_0)","decl":{"start":{"line":9,"column":17},"end":{"line":9,"column":18}},"loc":{"start":{"line":9,"column":29},"end":{"line":11,"column":1}},"line":9},"1":{"name":"(anonymous_1)","decl":{"start":{"line":13,"column":13},"end":{"line":13,"column":14}},"loc":{"start":{"line":13,"column":19},"end":{"line":22,"column":1}},"line":13},"2":{"name":"(anonymous_2)","decl":{"start":{"line":21,"column":10},"end":{"line":21,"column":11}},"loc":{"start":{"line":21,"column":22},"end":{"line":21,"column":49}},"line":21},"3":{"name":"(anonymous_3)","decl":{"start":{"line":24,"column":15},"end":{"line":24,"column":16}},"loc":{"start":{"line":24,"column":31},"end":{"line":32,"column":1}},"line":24},"4":{"name":"(anonymous_4)","decl":{"start":{"line":34,"column":15},"end":{"line":34,"column":16}},"loc":{"start":{"line":34,"column":23},"end":{"line":38,"column":1}},"line":34},"5":{"name":"(anonymous_5)","decl":{"start":{"line":37,"column":10},"end":{"line":37,"column":11}},"loc":{"start":{"line":37,"column":22},"end":{"line":37,"column":35}},"line":37}},"branchMap":{"0":{"loc":{"start":{"line":4,"column":0},"end":{"line":6,"column":1}},"type":"if","locations":[{"start":{"line":4,"column":0},"end":{"line":6,"column":1}},{"start":{},"end":{}}],"line":4}},"s":{"0":0,"1":0,"2":0,"3":0,"4":0,"5":0,"6":0,"7":0,"8":0,"9":0,"10":0,"11":0,"12":0,"13":0,"14":0,"15":0,"16":0},"f":{"0":0,"1":0,"2":0,"3":0,"4":0,"5":0},"b":{"0":[0,0]}}
}
